<graph nextNodeId="35" nextLinkId="63">
    <node id="1" typeName="ps.output">
        <input socket="name" value="color"/>
        <input socket="w" value="1.000000"/>
    </node>
    <node id="2" typeName="immediate.float">
        <input socket="name" value="time"/>
    </node>
    <node id="3" typeName="math.sine.float"/>
    <node id="4" typeName="math.map.float">
        <input socket="result_min" value="0.600000"/>
        <input socket="value_min" value="-1.000000"/>
    </node>
    <node id="6" typeName="math.multiply.float">
        <input socket="mul" value="10.000000"/>
    </node>
    <node id="7" typeName="ps.input">
        <input socket="name" value="bam"/>
    </node>
    <node id="8" typeName="vs.input">
        <input socket="name" value="normal"/>
    </node>
    <node id="9" typeName="vs.output">
        <input socket="name" value="bam"/>
    </node>
    <node id="10" typeName="vector.unpack"/>
    <node id="11" typeName="math.add.multiply.float">
        <input socket="add" value="1.000000"/>
        <input socket="mul" value="0.500000"/>
    </node>
    <node id="12" typeName="math.add.multiply.float">
        <input socket="add" value="1.000000"/>
        <input socket="mul" value="0.500000"/>
    </node>
    <node id="13" typeName="math.add.multiply.float">
        <input socket="add" value="1.000000"/>
        <input socket="mul" value="0.500000"/>
    </node>
    <node id="14" typeName="ps.input">
        <input socket="name" value="bam"/>
    </node>
    <node id="15" typeName="vector.unpack"/>
    <node id="17" typeName="vs.output.position"/>
    <node id="18" typeName="vs.input">
        <input socket="name" value="position"/>
    </node>
    <node id="20" typeName="math.sine.float"/>
    <node id="21" typeName="math.add.float"/>
    <node id="22" typeName="vector.unpack"/>
    <node id="23" typeName="vector.pack"/>
    <node id="24" typeName="immediate.float">
        <input socket="name" value="time"/>
    </node>
    <node id="26" typeName="math.multiply.float">
        <input socket="mul" value="13.000000"/>
    </node>
    <node id="27" typeName="math.multiply.float">
        <input socket="mul" value="0.300000"/>
    </node>
    <node id="28" typeName="math.multiply.float">
        <input socket="mul" value="5.000000"/>
    </node>
    <node id="29" typeName="math.add.float"/>
    <node id="30" typeName="math.sine.float"/>
    <node id="31" typeName="math.multiply.float">
        <input socket="mul" value="1.000000"/>
    </node>
    <node id="32" typeName="math.add.float"/>
    <node id="33" typeName="immediate.float">
        <input socket="name" value="time"/>
    </node>
    <node id="34" typeName="math.multiply.float">
        <input socket="mul" value="10.000000"/>
    </node>
    <link id="7" srcNodeId="6" srcNodeSocketName="value" dstNodeId="2" dstNodeSocketName="result"/>
    <link id="8" srcNodeId="3" srcNodeSocketName="angle" dstNodeId="6" dstNodeSocketName="result"/>
    <link id="9" srcNodeId="4" srcNodeSocketName="value" dstNodeId="3" dstNodeSocketName="_cos"/>
    <link id="10" srcNodeId="9" srcNodeSocketName="xyzw" dstNodeId="8" dstNodeSocketName="result"/>
    <link id="11" srcNodeId="10" srcNodeSocketName="xyzw" dstNodeId="7" dstNodeSocketName="result"/>
    <link id="14" srcNodeId="11" srcNodeSocketName="value" dstNodeId="10" dstNodeSocketName="x"/>
    <link id="19" srcNodeId="1" srcNodeSocketName="x" dstNodeId="11" dstNodeSocketName="result"/>
    <link id="20" srcNodeId="1" srcNodeSocketName="y" dstNodeId="13" dstNodeSocketName="result"/>
    <link id="21" srcNodeId="1" srcNodeSocketName="z" dstNodeId="12" dstNodeSocketName="result"/>
    <link id="22" srcNodeId="11" srcNodeSocketName="add" dstNodeId="4" dstNodeSocketName="result"/>
    <link id="23" srcNodeId="13" srcNodeSocketName="add" dstNodeId="4" dstNodeSocketName="result"/>
    <link id="24" srcNodeId="12" srcNodeSocketName="add" dstNodeId="4" dstNodeSocketName="result"/>
    <link id="25" srcNodeId="15" srcNodeSocketName="xyzw" dstNodeId="14" dstNodeSocketName="result"/>
    <link id="27" srcNodeId="12" srcNodeSocketName="value" dstNodeId="10" dstNodeSocketName="z"/>
    <link id="28" srcNodeId="13" srcNodeSocketName="value" dstNodeId="15" dstNodeSocketName="y"/>
    <link id="33" srcNodeId="22" srcNodeSocketName="xyzw" dstNodeId="18" dstNodeSocketName="result"/>
    <link id="34" srcNodeId="21" srcNodeSocketName="value" dstNodeId="22" dstNodeSocketName="x"/>
    <link id="35" srcNodeId="23" srcNodeSocketName="x" dstNodeId="21" dstNodeSocketName="result"/>
    <link id="36" srcNodeId="23" srcNodeSocketName="y" dstNodeId="22" dstNodeSocketName="y"/>
    <link id="37" srcNodeId="23" srcNodeSocketName="z" dstNodeId="22" dstNodeSocketName="z"/>
    <link id="38" srcNodeId="23" srcNodeSocketName="w" dstNodeId="22" dstNodeSocketName="w"/>
    <link id="46" srcNodeId="26" srcNodeSocketName="value" dstNodeId="22" dstNodeSocketName="z"/>
    <link id="47" srcNodeId="27" srcNodeSocketName="value" dstNodeId="20" dstNodeSocketName="_cos"/>
    <link id="48" srcNodeId="21" srcNodeSocketName="add" dstNodeId="27" dstNodeSocketName="result"/>
    <link id="50" srcNodeId="28" srcNodeSocketName="value" dstNodeId="24" dstNodeSocketName="result"/>
    <link id="51" srcNodeId="29" srcNodeSocketName="value" dstNodeId="28" dstNodeSocketName="result"/>
    <link id="52" srcNodeId="20" srcNodeSocketName="angle" dstNodeId="29" dstNodeSocketName="result"/>
    <link id="53" srcNodeId="29" srcNodeSocketName="add" dstNodeId="26" dstNodeSocketName="result"/>
    <link id="54" srcNodeId="17" srcNodeSocketName="xyzw" dstNodeId="23" dstNodeSocketName="xyzw"/>
    <link id="56" srcNodeId="32" srcNodeSocketName="value" dstNodeId="31" dstNodeSocketName="result"/>
    <link id="57" srcNodeId="30" srcNodeSocketName="angle" dstNodeId="32" dstNodeSocketName="result"/>
    <link id="60" srcNodeId="31" srcNodeSocketName="value" dstNodeId="33" dstNodeSocketName="result"/>
    <link id="61" srcNodeId="26" srcNodeSocketName="mul" dstNodeId="34" dstNodeSocketName="result"/>
    <link id="62" srcNodeId="34" srcNodeSocketName="value" dstNodeId="30" dstNodeSocketName="_cos"/>
    <editor nextZKey="231">
        <dragAndZoom x="-571.667724609375" y="465.14239501953125" zoom="1"/>
        <nodeDatas>
            <nodeData nodeId="1" x="800" y="48" zKey="117"/>
            <nodeData nodeId="2" x="-272" y="-32" zKey="167"/>
            <nodeData nodeId="3" x="112" y="32" zKey="81"/>
            <nodeData nodeId="4" x="272" y="32" zKey="87"/>
            <nodeData nodeId="6" x="-112" y="32" zKey="85"/>
            <nodeData nodeId="7" x="272" y="224" zKey="113"/>
            <nodeData nodeId="8" x="16" y="224" zKey="133"/>
            <nodeData nodeId="9" x="144" y="224" zKey="118"/>
            <nodeData nodeId="10" x="400" y="224" zKey="112"/>
            <nodeData nodeId="11" x="576" y="192" zKey="67" folded="1"/>
            <nodeData nodeId="12" x="576" y="256" zKey="115" folded="1"/>
            <nodeData nodeId="13" x="576" y="224" zKey="114" folded="1"/>
            <nodeData nodeId="14" x="288" y="400" zKey="116"/>
            <nodeData nodeId="15" x="416" y="368" zKey="107"/>
            <nodeData nodeId="17" x="224" y="560" zKey="218"/>
            <nodeData nodeId="18" x="-784" y="400" zKey="145"/>
            <nodeData nodeId="20" x="-256" y="240" zKey="189"/>
            <nodeData nodeId="21" x="-64" y="400" zKey="188"/>
            <nodeData nodeId="22" x="-656" y="400" zKey="157"/>
            <nodeData nodeId="23" x="80" y="560" zKey="154"/>
            <nodeData nodeId="24" x="-656" y="208" zKey="225"/>
            <nodeData nodeId="26" x="-512" y="304" zKey="219"/>
            <nodeData nodeId="27" x="-224" y="336" zKey="192"/>
            <nodeData nodeId="28" x="-511.15399169921875" y="208" zKey="212"/>
            <nodeData nodeId="29" x="-383.626953125" y="229.68217468261719" zKey="205"/>
            <nodeData nodeId="30" x="-816" y="288" zKey="220"/>
            <nodeData nodeId="31" x="-1072" y="256" zKey="230"/>
            <nodeData nodeId="32" x="-944" y="272" zKey="224"/>
            <nodeData nodeId="33" x="-1200" y="240" zKey="227"/>
            <nodeData nodeId="34" x="-672" y="304" zKey="229"/>
        </nodeDatas>
        <visualizers/>
        <comments/>
        <editorOptions comment="" menuIsVisible="0" realTimePreview="1" autoHideUi="0" showBackground="0" showGrid="0" showSocketNames="1" snapToGrid="1" showOneShotActivity="0" showContinuousActivity="0" showCpuHeat="0" backgroundColor="000000cc" gridColor="ffffff4c">
            <cpuHeatColors useLinearColorSpace="1">
                <key t="0" r="1" g="0" b="0" a="0"/>
                <key t="1" r="1" g="0" b="0" a="1"/>
            </cpuHeatColors>
        </editorOptions>
    </editor>
</graph>
