<graph nextNodeId="47" nextLinkId="80">
    <node id="1" typeName="ps.output">
        <input socket="name" value="color"/>
        <input socket="w" value="1.000000"/>
    </node>
    <node id="2" typeName="immediate.float">
        <input socket="name" value="time"/>
    </node>
    <node id="3" typeName="math.sine.float"/>
    <node id="4" typeName="math.map.float">
        <input socket="result_min" value="0.600000"/>
        <input socket="value_min" value="-1.000000"/>
    </node>
    <node id="6" typeName="math.multiply.float">
        <input socket="mul" value="10.000000"/>
    </node>
    <node id="7" typeName="ps.input">
        <input socket="name" value="bam"/>
    </node>
    <node id="8" typeName="vs.input">
        <input socket="name" value="normal"/>
    </node>
    <node id="9" typeName="vs.output">
        <input socket="name" value="bam"/>
    </node>
    <node id="10" typeName="vector.unpack"/>
    <node id="11" typeName="math.add.multiply.float">
        <input socket="add" value="1.000000"/>
        <input socket="mul" value="0.500000"/>
    </node>
    <node id="12" typeName="math.add.multiply.float">
        <input socket="add" value="1.000000"/>
        <input socket="mul" value="0.500000"/>
    </node>
    <node id="13" typeName="math.add.multiply.float">
        <input socket="add" value="1.000000"/>
        <input socket="mul" value="0.500000"/>
    </node>
    <node id="14" typeName="ps.input">
        <input socket="name" value="bam"/>
    </node>
    <node id="15" typeName="vector.unpack"/>
    <node id="17" typeName="vs.output.position"/>
    <node id="18" typeName="vs.input">
        <input socket="name" value="position"/>
    </node>
    <node id="20" typeName="math.sine.float"/>
    <node id="21" typeName="math.add.float"/>
    <node id="22" typeName="vector.unpack"/>
    <node id="23" typeName="vector.pack"/>
    <node id="24" typeName="immediate.float">
        <input socket="name" value="time"/>
    </node>
    <node id="26" typeName="math.multiply.float">
        <input socket="mul" value="13.000000"/>
    </node>
    <node id="27" typeName="math.multiply.float">
        <input socket="mul" value="0.300000"/>
    </node>
    <node id="28" typeName="math.multiply.float">
        <input socket="mul" value="5.000000"/>
    </node>
    <node id="29" typeName="math.add.float"/>
    <node id="30" typeName="math.sine.float"/>
    <node id="31" typeName="math.multiply.float">
        <input socket="mul" value="1.000000"/>
    </node>
    <node id="32" typeName="math.add.float"/>
    <node id="33" typeName="immediate.float">
        <input socket="name" value="time"/>
    </node>
    <node id="34" typeName="math.multiply.float">
        <input socket="mul" value="10.000000"/>
    </node>
    <node id="35" typeName="math.add.float"/>
    <node id="36" typeName="math.multiply.float">
        <input socket="mul" value="0.300000"/>
    </node>
    <node id="37" typeName="literal.color"/>
    <node id="38" typeName="vector.unpack"/>
    <node id="39" typeName="ps.output">
        <input socket="name" value="normal"/>
        <input socket="w" value="1.000000"/>
    </node>
    <node id="40" typeName="ps.input">
        <input socket="name" value="normal"/>
    </node>
    <link id="7" srcNodeId="6" srcNodeSocketName="value" dstNodeId="2" dstNodeSocketName="result"/>
    <link id="8" srcNodeId="3" srcNodeSocketName="angle" dstNodeId="6" dstNodeSocketName="result"/>
    <link id="9" srcNodeId="4" srcNodeSocketName="value" dstNodeId="3" dstNodeSocketName="_cos"/>
    <link id="10" srcNodeId="9" srcNodeSocketName="xyzw" dstNodeId="8" dstNodeSocketName="result"/>
    <link id="11" srcNodeId="10" srcNodeSocketName="xyzw" dstNodeId="7" dstNodeSocketName="result"/>
    <link id="14" srcNodeId="11" srcNodeSocketName="value" dstNodeId="10" dstNodeSocketName="x"/>
    <link id="20" srcNodeId="1" srcNodeSocketName="y" dstNodeId="13" dstNodeSocketName="result"/>
    <link id="21" srcNodeId="1" srcNodeSocketName="z" dstNodeId="12" dstNodeSocketName="result"/>
    <link id="22" srcNodeId="11" srcNodeSocketName="add" dstNodeId="4" dstNodeSocketName="result"/>
    <link id="23" srcNodeId="13" srcNodeSocketName="add" dstNodeId="4" dstNodeSocketName="result"/>
    <link id="24" srcNodeId="12" srcNodeSocketName="add" dstNodeId="4" dstNodeSocketName="result"/>
    <link id="25" srcNodeId="15" srcNodeSocketName="xyzw" dstNodeId="14" dstNodeSocketName="result"/>
    <link id="27" srcNodeId="12" srcNodeSocketName="value" dstNodeId="10" dstNodeSocketName="z"/>
    <link id="28" srcNodeId="13" srcNodeSocketName="value" dstNodeId="15" dstNodeSocketName="y"/>
    <link id="33" srcNodeId="22" srcNodeSocketName="xyzw" dstNodeId="18" dstNodeSocketName="result"/>
    <link id="34" srcNodeId="21" srcNodeSocketName="value" dstNodeId="22" dstNodeSocketName="x"/>
    <link id="35" srcNodeId="23" srcNodeSocketName="x" dstNodeId="21" dstNodeSocketName="result"/>
    <link id="37" srcNodeId="23" srcNodeSocketName="z" dstNodeId="22" dstNodeSocketName="z"/>
    <link id="38" srcNodeId="23" srcNodeSocketName="w" dstNodeId="22" dstNodeSocketName="w"/>
    <link id="46" srcNodeId="26" srcNodeSocketName="value" dstNodeId="22" dstNodeSocketName="z"/>
    <link id="47" srcNodeId="27" srcNodeSocketName="value" dstNodeId="20" dstNodeSocketName="_cos"/>
    <link id="48" srcNodeId="21" srcNodeSocketName="add" dstNodeId="27" dstNodeSocketName="result"/>
    <link id="50" srcNodeId="28" srcNodeSocketName="value" dstNodeId="24" dstNodeSocketName="result"/>
    <link id="51" srcNodeId="29" srcNodeSocketName="value" dstNodeId="28" dstNodeSocketName="result"/>
    <link id="52" srcNodeId="20" srcNodeSocketName="angle" dstNodeId="29" dstNodeSocketName="result"/>
    <link id="53" srcNodeId="29" srcNodeSocketName="add" dstNodeId="26" dstNodeSocketName="result"/>
    <link id="54" srcNodeId="17" srcNodeSocketName="xyzw" dstNodeId="23" dstNodeSocketName="xyzw"/>
    <link id="56" srcNodeId="32" srcNodeSocketName="value" dstNodeId="31" dstNodeSocketName="result"/>
    <link id="57" srcNodeId="30" srcNodeSocketName="angle" dstNodeId="32" dstNodeSocketName="result"/>
    <link id="60" srcNodeId="31" srcNodeSocketName="value" dstNodeId="33" dstNodeSocketName="result"/>
    <link id="61" srcNodeId="26" srcNodeSocketName="mul" dstNodeId="34" dstNodeSocketName="result"/>
    <link id="62" srcNodeId="34" srcNodeSocketName="value" dstNodeId="30" dstNodeSocketName="_cos"/>
    <link id="63" srcNodeId="35" srcNodeSocketName="value" dstNodeId="22" dstNodeSocketName="y"/>
    <link id="64" srcNodeId="23" srcNodeSocketName="y" dstNodeId="35" dstNodeSocketName="result"/>
    <link id="66" srcNodeId="36" srcNodeSocketName="value" dstNodeId="20" dstNodeSocketName="_cos"/>
    <link id="67" srcNodeId="35" srcNodeSocketName="add" dstNodeId="36" dstNodeSocketName="result"/>
    <link id="68" srcNodeId="38" srcNodeSocketName="xyzw" dstNodeId="37" dstNodeSocketName="result"/>
    <link id="69" srcNodeId="1" srcNodeSocketName="x" dstNodeId="38" dstNodeSocketName="x"/>
    <link id="79" srcNodeId="39" srcNodeSocketName="xyzw" dstNodeId="40" dstNodeSocketName="result"/>
    <editor nextZKey="276">
        <dragAndZoom x="642.49072265625" y="480.300537109375" zoom="1"/>
        <nodeDatas>
            <nodeData nodeId="1" x="736" y="-288" zKey="248"/>
            <nodeData nodeId="2" x="-336" y="-368" zKey="167"/>
            <nodeData nodeId="3" x="48" y="-304" zKey="81"/>
            <nodeData nodeId="4" x="208" y="-304" zKey="87"/>
            <nodeData nodeId="6" x="-176" y="-304" zKey="85"/>
            <nodeData nodeId="7" x="208" y="-112" zKey="113"/>
            <nodeData nodeId="8" x="256" y="368" zKey="133"/>
            <nodeData nodeId="9" x="384" y="368" zKey="275"/>
            <nodeData nodeId="10" x="336" y="-112" zKey="241"/>
            <nodeData nodeId="11" x="512" y="-144" zKey="251" folded="1"/>
            <nodeData nodeId="12" x="512" y="-80" zKey="254" folded="1"/>
            <nodeData nodeId="13" x="512" y="-112" zKey="252" folded="1"/>
            <nodeData nodeId="14" x="224" y="64" zKey="255"/>
            <nodeData nodeId="15" x="352" y="32" zKey="107"/>
            <nodeData nodeId="17" x="384" y="704" zKey="218"/>
            <nodeData nodeId="18" x="-624" y="544" zKey="145"/>
            <nodeData nodeId="20" x="-96" y="384" zKey="189"/>
            <nodeData nodeId="21" x="96" y="544" zKey="231"/>
            <nodeData nodeId="22" x="-496" y="544" zKey="157"/>
            <nodeData nodeId="23" x="240" y="704" zKey="154"/>
            <nodeData nodeId="24" x="-496" y="352" zKey="273"/>
            <nodeData nodeId="26" x="-352" y="448" zKey="219"/>
            <nodeData nodeId="27" x="-64" y="480" zKey="239"/>
            <nodeData nodeId="28" x="-352" y="352" zKey="212"/>
            <nodeData nodeId="29" x="-224" y="368" zKey="233"/>
            <nodeData nodeId="30" x="-656" y="432" zKey="220"/>
            <nodeData nodeId="31" x="-912" y="400" zKey="230"/>
            <nodeData nodeId="32" x="-784" y="416" zKey="224"/>
            <nodeData nodeId="33" x="-1040" y="384" zKey="227"/>
            <nodeData nodeId="34" x="-512" y="448" zKey="229"/>
            <nodeData nodeId="35" x="80" y="640" zKey="232"/>
            <nodeData nodeId="36" x="-64" y="560" zKey="238"/>
            <nodeData nodeId="37" x="368" y="-336" zKey="243"/>
            <nodeData nodeId="38" x="512" y="-320" zKey="257"/>
            <nodeData nodeId="39" x="752" y="368" zKey="269"/>
            <nodeData nodeId="40" x="624" y="368" zKey="274"/>
        </nodeDatas>
        <visualizers>
            <visualizer id="42" x="880" y="336" zKey="270" nodeId="39" dstSocketName="result" sx="216" sy="248"/>
            <visualizer id="43" x="864" y="-320" zKey="271" nodeId="1" dstSocketName="result" sx="216" sy="248"/>
        </visualizers>
        <comments>
            <comment id="44" x="576" y="304" caption="Normal" sx="542.02508544921875" sy="291.29232788085938" color.r="1" color.g="1" color.b="1" color.a="0.38499999046325684"/>
            <comment id="45" x="-368" y="-432" caption="Color" sx="1484.943115234375" sy="596.22613525390625" color.r="1" color.g="1" color.b="1" color.a="0.28499999642372131"/>
            <comment id="46" x="-1088" y="288" caption="Vertex" sx="1637.845703125" sy="581.5008544921875" color.r="0.78867506980895996" color.g="0.78867506980895996" color.b="0.78867506980895996" color.a="0.31999999284744263"/>
        </comments>
        <editorOptions comment="" menuIsVisible="0" realTimePreview="1" autoHideUi="0" showBackground="0" showGrid="0" showSocketNames="1" snapToGrid="1" showOneShotActivity="0" showContinuousActivity="0" showCpuHeat="0" backgroundColor="000000cc" gridColor="ffffff4c">
            <cpuHeatColors useLinearColorSpace="1">
                <key t="0" r="1" g="0" b="0" a="0"/>
                <key t="1" r="1" g="0" b="0" a="1"/>
            </cpuHeatColors>
        </editorOptions>
    </editor>
</graph>
